<?xml version="1.0" encoding="UTF-8"?>
<testsuite xmlns:xsi="http://www.w3.org/2001/XMLSchema-instance" xsi:noNamespaceSchemaLocation="https://maven.apache.org/surefire/maven-surefire-plugin/xsd/surefire-test-report-3.0.xsd" version="3.0" name="io.yikv.client.ProductDataVerifyIT" time="0.297" tests="3" errors="0" skipped="0" failures="0">
  <properties>
[...]
</properties>
  <testcase name="batchGetSampleRows" classname="io.yikv.client.ProductDataVerifyIT" time="0.141"/>
  <testcase name="getFirstMiddleLastRows" classname="io.yikv.client.ProductDataVerifyIT" time="0.016"/>
  <testcase name="missingPkNotFound" classname="io.yikv.client.ProductDataVerifyIT" time="0.003"/>
</testsuite>